{
    "FunctionName": "hello-cli",
    "FunctionArn": "arn:aws:lambda:us-east-1:582157045911:function:hello-cli",
    "Runtime": "nodejs14.x",
    "Role": "arn:aws:iam::582157045911:role/lambda-exemplo",
    "Handler": "index.handler",
    "CodeSize": 329,
    "Description": "",
    "Timeout": 3,
    "MemorySize": 128,
    "LastModified": "2023-06-13T10:44:50.415+0000",
    "CodeSha256": "1qCHwjx0tsc8va+0HBh1dWFeZIYB2RRg5jgjqSx0LrY=",
    "Version": "$LATEST",
    "TracingConfig": {
        "Mode": "PassThrough"
    },
    "RevisionId": "9eb64f3c-4e52-4709-993d-06f7ff9232a7",
    "State": "Pending",
    "StateReason": "The function is being created.",
    "StateReasonCode": "Creating",
    "PackageType": "Zip",
    "Architectures": [
        "x86_64"
    ],
    "EphemeralStorage": {
        "Size": 512
    },
    "SnapStart": {
        "ApplyOn": "None",
        "OptimizationStatus": "Off"
    },
    "RuntimeVersionConfig": {
        "RuntimeVersionArn": "arn:aws:lambda:us-east-1::runtime:af491ca9f7ad969c36e9c6d18f8766b7568ff60cf9222a02231d38a8a10a23e3"
    }
}
